Analysis & Synthesis report for Ula_pjct
Fri Oct 31 22:27:55 2025
Quartus Prime Version 21.1.0 Build 842 10/21/2021 SJ Lite Edition


---------------------
; Table of Contents ;
---------------------
  1. Legal Notice
  2. Analysis & Synthesis Summary
  3. Analysis & Synthesis Settings
  4. Parallel Compilation
  5. Analysis & Synthesis Source Files Read
  6. Analysis & Synthesis Resource Usage Summary
  7. Analysis & Synthesis Resource Utilization by Entity
  8. General Register Statistics
  9. Post-Synthesis Netlist Statistics for Top Partition
 10. Elapsed Time Per Partition
 11. Analysis & Synthesis Messages



----------------
; Legal Notice ;
----------------
Copyright (C) 2021  Intel Corporation. All rights reserved.
Your use of Intel Corporation's design tools, logic functions 
and other software and tools, and any partner logic 
functions, and any output files from any of the foregoing 
(including device programming or simulation files), and any 
associated documentation or information are expressly subject 
to the terms and conditions of the Intel Program License 
Subscription Agreement, the Intel Quartus Prime License Agreement,
the Intel FPGA IP License Agreement, or other applicable license
agreement, including, without limitation, that your use is for
the sole purpose of programming logic devices manufactured by
Intel and sold by Intel or its authorized distributors.  Please
refer to the applicable agreement for further details, at
https://fpgasoftware.intel.com/eula.



+-------------------------------------------------------------------------------+
; Analysis & Synthesis Summary                                                  ;
+---------------------------------+---------------------------------------------+
; Analysis & Synthesis Status     ; Successful - Fri Oct 31 22:27:55 2025       ;
; Quartus Prime Version           ; 21.1.0 Build 842 10/21/2021 SJ Lite Edition ;
; Revision Name                   ; Ula_pjct                                    ;
; Top-level Entity Name           ; Central                                     ;
; Family                          ; Cyclone V                                   ;
; Logic utilization (in ALMs)     ; N/A                                         ;
; Total registers                 ; 0                                           ;
; Total pins                      ; 75                                          ;
; Total virtual pins              ; 0                                           ;
; Total block memory bits         ; 0                                           ;
; Total DSP Blocks                ; 0                                           ;
; Total HSSI RX PCSs              ; 0                                           ;
; Total HSSI PMA RX Deserializers ; 0                                           ;
; Total HSSI TX PCSs              ; 0                                           ;
; Total HSSI PMA TX Serializers   ; 0                                           ;
; Total PLLs                      ; 0                                           ;
; Total DLLs                      ; 0                                           ;
+---------------------------------+---------------------------------------------+


+---------------------------------------------------------------------------------------------------------------------------+
; Analysis & Synthesis Settings                                                                                             ;
+---------------------------------------------------------------------------------+--------------------+--------------------+
; Option                                                                          ; Setting            ; Default Value      ;
+---------------------------------------------------------------------------------+--------------------+--------------------+
; Device                                                                          ; 5CGXFC7C7F23C8     ;                    ;
; Top-level entity name                                                           ; Central            ; Ula_pjct           ;
; Family name                                                                     ; Cyclone V          ; Cyclone V          ;
; Use smart compilation                                                           ; Off                ; Off                ;
; Enable parallel Assembler and Timing Analyzer during compilation                ; On                 ; On                 ;
; Enable compact report table                                                     ; Off                ; Off                ;
; Restructure Multiplexers                                                        ; Auto               ; Auto               ;
; MLAB Add Timing Constraints For Mixed-Port Feed-Through Mode Setting Don't Care ; Off                ; Off                ;
; Create Debugging Nodes for IP Cores                                             ; Off                ; Off                ;
; Preserve fewer node names                                                       ; On                 ; On                 ;
; Intel FPGA IP Evaluation Mode                                                   ; Enable             ; Enable             ;
; Verilog Version                                                                 ; Verilog_2001       ; Verilog_2001       ;
; VHDL Version                                                                    ; VHDL_1993          ; VHDL_1993          ;
; State Machine Processing                                                        ; Auto               ; Auto               ;
; Safe State Machine                                                              ; Off                ; Off                ;
; Extract Verilog State Machines                                                  ; On                 ; On                 ;
; Extract VHDL State Machines                                                     ; On                 ; On                 ;
; Ignore Verilog initial constructs                                               ; Off                ; Off                ;
; Iteration limit for constant Verilog loops                                      ; 5000               ; 5000               ;
; Iteration limit for non-constant Verilog loops                                  ; 250                ; 250                ;
; Add Pass-Through Logic to Inferred RAMs                                         ; On                 ; On                 ;
; Infer RAMs from Raw Logic                                                       ; On                 ; On                 ;
; Parallel Synthesis                                                              ; On                 ; On                 ;
; DSP Block Balancing                                                             ; Auto               ; Auto               ;
; NOT Gate Push-Back                                                              ; On                 ; On                 ;
; Power-Up Don't Care                                                             ; On                 ; On                 ;
; Remove Redundant Logic Cells                                                    ; Off                ; Off                ;
; Remove Duplicate Registers                                                      ; On                 ; On                 ;
; Ignore CARRY Buffers                                                            ; Off                ; Off                ;
; Ignore CASCADE Buffers                                                          ; Off                ; Off                ;
; Ignore GLOBAL Buffers                                                           ; Off                ; Off                ;
; Ignore ROW GLOBAL Buffers                                                       ; Off                ; Off                ;
; Ignore LCELL Buffers                                                            ; Off                ; Off                ;
; Ignore SOFT Buffers                                                             ; On                 ; On                 ;
; Limit AHDL Integers to 32 Bits                                                  ; Off                ; Off                ;
; Optimization Technique                                                          ; Balanced           ; Balanced           ;
; Carry Chain Length                                                              ; 70                 ; 70                 ;
; Auto Carry Chains                                                               ; On                 ; On                 ;
; Auto Open-Drain Pins                                                            ; On                 ; On                 ;
; Perform WYSIWYG Primitive Resynthesis                                           ; Off                ; Off                ;
; Auto ROM Replacement                                                            ; On                 ; On                 ;
; Auto RAM Replacement                                                            ; On                 ; On                 ;
; Auto DSP Block Replacement                                                      ; On                 ; On                 ;
; Auto Shift Register Replacement                                                 ; Auto               ; Auto               ;
; Allow Shift Register Merging across Hierarchies                                 ; Auto               ; Auto               ;
; Auto Clock Enable Replacement                                                   ; On                 ; On                 ;
; Strict RAM Replacement                                                          ; Off                ; Off                ;
; Allow Synchronous Control Signals                                               ; On                 ; On                 ;
; Force Use of Synchronous Clear Signals                                          ; Off                ; Off                ;
; Auto Resource Sharing                                                           ; Off                ; Off                ;
; Allow Any RAM Size For Recognition                                              ; Off                ; Off                ;
; Allow Any ROM Size For Recognition                                              ; Off                ; Off                ;
; Allow Any Shift Register Size For Recognition                                   ; Off                ; Off                ;
; Use LogicLock Constraints during Resource Balancing                             ; On                 ; On                 ;
; Ignore translate_off and synthesis_off directives                               ; Off                ; Off                ;
; Timing-Driven Synthesis                                                         ; On                 ; On                 ;
; Report Parameter Settings                                                       ; On                 ; On                 ;
; Report Source Assignments                                                       ; On                 ; On                 ;
; Report Connectivity Checks                                                      ; On                 ; On                 ;
; Ignore Maximum Fan-Out Assignments                                              ; Off                ; Off                ;
; Synchronization Register Chain Length                                           ; 3                  ; 3                  ;
; Power Optimization During Synthesis                                             ; Normal compilation ; Normal compilation ;
; HDL message level                                                               ; Level2             ; Level2             ;
; Suppress Register Optimization Related Messages                                 ; Off                ; Off                ;
; Number of Removed Registers Reported in Synthesis Report                        ; 5000               ; 5000               ;
; Number of Swept Nodes Reported in Synthesis Report                              ; 5000               ; 5000               ;
; Number of Inverted Registers Reported in Synthesis Report                       ; 100                ; 100                ;
; Clock MUX Protection                                                            ; On                 ; On                 ;
; Auto Gated Clock Conversion                                                     ; Off                ; Off                ;
; Block Design Naming                                                             ; Auto               ; Auto               ;
; SDC constraint protection                                                       ; Off                ; Off                ;
; Synthesis Effort                                                                ; Auto               ; Auto               ;
; Shift Register Replacement - Allow Asynchronous Clear Signal                    ; On                 ; On                 ;
; Pre-Mapping Resynthesis Optimization                                            ; Off                ; Off                ;
; Analysis & Synthesis Message Level                                              ; Medium             ; Medium             ;
; Disable Register Merging Across Hierarchies                                     ; Auto               ; Auto               ;
; Resource Aware Inference For Block RAM                                          ; On                 ; On                 ;
; Automatic Parallel Synthesis                                                    ; On                 ; On                 ;
; Partial Reconfiguration Bitstream ID                                            ; Off                ; Off                ;
+---------------------------------------------------------------------------------+--------------------+--------------------+


+------------------------------------------+
; Parallel Compilation                     ;
+----------------------------+-------------+
; Processors                 ; Number      ;
+----------------------------+-------------+
; Number detected on machine ; 24          ;
; Maximum allowed            ; 16          ;
;                            ;             ;
; Average used               ; 1.00        ;
; Maximum used               ; 1           ;
;                            ;             ;
; Usage by Processor         ; % Time Used ;
;     Processor 1            ; 100.0%      ;
+----------------------------+-------------+


+-----------------------------------------------------------------------------------------------------------------------------------------------------------------------+
; Analysis & Synthesis Source Files Read                                                                                                                                ;
+----------------------------------+-----------------+------------------------------------+-------------------------------------------------------------------+---------+
; File Name with User-Entered Path ; Used in Netlist ; File Type                          ; File Name with Absolute Path                                      ; Library ;
+----------------------------------+-----------------+------------------------------------+-------------------------------------------------------------------+---------+
; BCD_a_Segment.bdf                ; yes             ; User Block Diagram/Schematic File  ; C:/Projects/Arithmetic-Logic-Unit/BCD_a_Segment.bdf               ;         ;
; BCDUNITY.bdf                     ; yes             ; User Block Diagram/Schematic File  ; C:/Projects/Arithmetic-Logic-Unit/BCDUNITY.bdf                    ;         ;
; Selector.bdf                     ; yes             ; User Block Diagram/Schematic File  ; C:/Projects/Arithmetic-Logic-Unit/Selector.bdf                    ;         ;
; SummerSubtractor.bdf             ; yes             ; User Block Diagram/Schematic File  ; C:/Projects/Arithmetic-Logic-Unit/SummerSubtractor.bdf            ;         ;
; TwosComplement6Bits.bdf          ; yes             ; User Block Diagram/Schematic File  ; C:/Projects/Arithmetic-Logic-Unit/TwosComplement6Bits.bdf         ;         ;
; TwosComplement5Bits.bdf          ; yes             ; User Block Diagram/Schematic File  ; C:/Projects/Arithmetic-Logic-Unit/TwosComplement5Bits.bdf         ;         ;
; MagnitudeComparator4bits.bdf     ; yes             ; User Block Diagram/Schematic File  ; C:/Projects/Arithmetic-Logic-Unit/MagnitudeComparator4bits.bdf    ;         ;
; FullAdder.bdf                    ; yes             ; User Block Diagram/Schematic File  ; C:/Projects/Arithmetic-Logic-Unit/FullAdder.bdf                   ;         ;
; BTwosComplement.bdf              ; yes             ; User Block Diagram/Schematic File  ; C:/Projects/Arithmetic-Logic-Unit/BTwosComplement.bdf             ;         ;
; Tens7Segments5BitsDecoder.bdf    ; yes             ; User Block Diagram/Schematic File  ; C:/Projects/Arithmetic-Logic-Unit/Tens7Segments5BitsDecoder.bdf   ;         ;
; BCD_b_Segment.bdf                ; yes             ; User Block Diagram/Schematic File  ; C:/Projects/Arithmetic-Logic-Unit/BCD_b_Segment.bdf               ;         ;
; BCD_c_Segment.bdf                ; yes             ; User Block Diagram/Schematic File  ; C:/Projects/Arithmetic-Logic-Unit/BCD_c_Segment.bdf               ;         ;
; BCD_d_Segment.bdf                ; yes             ; User Block Diagram/Schematic File  ; C:/Projects/Arithmetic-Logic-Unit/BCD_d_Segment.bdf               ;         ;
; BCD_e_Segment2.bdf               ; yes             ; User Block Diagram/Schematic File  ; C:/Projects/Arithmetic-Logic-Unit/BCD_e_Segment2.bdf              ;         ;
; BCD_f_Segment.bdf                ; yes             ; User Block Diagram/Schematic File  ; C:/Projects/Arithmetic-Logic-Unit/BCD_f_Segment.bdf               ;         ;
; BCD_g_Segment.bdf                ; yes             ; User Block Diagram/Schematic File  ; C:/Projects/Arithmetic-Logic-Unit/BCD_g_Segment.bdf               ;         ;
; BinaryToDecimalBCDConversor.bdf  ; yes             ; User Block Diagram/Schematic File  ; C:/Projects/Arithmetic-Logic-Unit/BinaryToDecimalBCDConversor.bdf ;         ;
; ALU.bdf                          ; yes             ; User Block Diagram/Schematic File  ; C:/Projects/Arithmetic-Logic-Unit/ALU.bdf                         ;         ;
; Central.bdf                      ; yes             ; User Block Diagram/Schematic File  ; C:/Projects/Arithmetic-Logic-Unit/Central.bdf                     ;         ;
; BitToBitAND.bdf                  ; yes             ; User Block Diagram/Schematic File  ; C:/Projects/Arithmetic-Logic-Unit/BitToBitAND.bdf                 ;         ;
; BitToBitXOR.bdf                  ; yes             ; User Block Diagram/Schematic File  ; C:/Projects/Arithmetic-Logic-Unit/BitToBitXOR.bdf                 ;         ;
+----------------------------------+-----------------+------------------------------------+-------------------------------------------------------------------+---------+


+----------------------------------------------------------+
; Analysis & Synthesis Resource Usage Summary              ;
+---------------------------------------------+------------+
; Resource                                    ; Usage      ;
+---------------------------------------------+------------+
; Estimate of Logic utilization (ALMs needed) ; 39         ;
;                                             ;            ;
; Combinational ALUT usage for logic          ; 68         ;
;     -- 7 input functions                    ; 0          ;
;     -- 6 input functions                    ; 9          ;
;     -- 5 input functions                    ; 20         ;
;     -- 4 input functions                    ; 26         ;
;     -- <=3 input functions                  ; 13         ;
;                                             ;            ;
; Dedicated logic registers                   ; 0          ;
;                                             ;            ;
; I/O pins                                    ; 75         ;
;                                             ;            ;
; Total DSP Blocks                            ; 0          ;
;                                             ;            ;
; Maximum fan-out node                        ; B[0]~input ;
; Maximum fan-out                             ; 21         ;
; Total fan-out                               ; 425        ;
; Average fan-out                             ; 1.95       ;
+---------------------------------------------+------------+


+-------------------------------------------------------------------------------------------------------------------------------------------------------------------------------------------------------------------------------------------------------------------------------------+
; Analysis & Synthesis Resource Utilization by Entity                                                                                                                                                                                                                                 ;
+-----------------------------------------+---------------------+---------------------------+-------------------+------------+------+--------------+-------------------------------------------------------------------------------------+-----------------------------+--------------+
; Compilation Hierarchy Node              ; Combinational ALUTs ; Dedicated Logic Registers ; Block Memory Bits ; DSP Blocks ; Pins ; Virtual Pins ; Full Hierarchy Name                                                                 ; Entity Name                 ; Library Name ;
+-----------------------------------------+---------------------+---------------------------+-------------------+------------+------+--------------+-------------------------------------------------------------------------------------+-----------------------------+--------------+
; |Central                                ; 68 (0)              ; 0 (0)                     ; 0                 ; 0          ; 75   ; 0            ; |Central                                                                            ; Central                     ; work         ;
;    |ALU:inst|                           ; 40 (12)             ; 0 (0)                     ; 0                 ; 0          ; 0    ; 0            ; |Central|ALU:inst                                                                   ; ALU                         ; work         ;
;       |BTwosComplement:inst2|           ; 2 (0)               ; 0 (0)                     ; 0                 ; 0          ; 0    ; 0            ; |Central|ALU:inst|BTwosComplement:inst2                                             ; BTwosComplement             ; work         ;
;          |FullAdder:inst6|              ; 1 (1)               ; 0 (0)                     ; 0                 ; 0          ; 0    ; 0            ; |Central|ALU:inst|BTwosComplement:inst2|FullAdder:inst6                             ; FullAdder                   ; work         ;
;          |FullAdder:inst7|              ; 1 (1)               ; 0 (0)                     ; 0                 ; 0          ; 0    ; 0            ; |Central|ALU:inst|BTwosComplement:inst2|FullAdder:inst7                             ; FullAdder                   ; work         ;
;       |MagnitudeComparator4bits:inst4|  ; 5 (5)               ; 0 (0)                     ; 0                 ; 0          ; 0    ; 0            ; |Central|ALU:inst|MagnitudeComparator4bits:inst4                                    ; MagnitudeComparator4bits    ; work         ;
;       |Selector:inst|                   ; 2 (2)               ; 0 (0)                     ; 0                 ; 0          ; 0    ; 0            ; |Central|ALU:inst|Selector:inst                                                     ; Selector                    ; work         ;
;       |SummerSubtractor:inst5|          ; 19 (5)              ; 0 (0)                     ; 0                 ; 0          ; 0    ; 0            ; |Central|ALU:inst|SummerSubtractor:inst5                                            ; SummerSubtractor            ; work         ;
;          |FullAdder:inst01928374|       ; 1 (1)               ; 0 (0)                     ; 0                 ; 0          ; 0    ; 0            ; |Central|ALU:inst|SummerSubtractor:inst5|FullAdder:inst01928374                     ; FullAdder                   ; work         ;
;          |FullAdder:inst14|             ; 2 (2)               ; 0 (0)                     ; 0                 ; 0          ; 0    ; 0            ; |Central|ALU:inst|SummerSubtractor:inst5|FullAdder:inst14                           ; FullAdder                   ; work         ;
;          |FullAdder:inst1|              ; 2 (2)               ; 0 (0)                     ; 0                 ; 0          ; 0    ; 0            ; |Central|ALU:inst|SummerSubtractor:inst5|FullAdder:inst1                            ; FullAdder                   ; work         ;
;          |FullAdder:inst2|              ; 1 (1)               ; 0 (0)                     ; 0                 ; 0          ; 0    ; 0            ; |Central|ALU:inst|SummerSubtractor:inst5|FullAdder:inst2                            ; FullAdder                   ; work         ;
;          |FullAdder:inst3|              ; 1 (1)               ; 0 (0)                     ; 0                 ; 0          ; 0    ; 0            ; |Central|ALU:inst|SummerSubtractor:inst5|FullAdder:inst3                            ; FullAdder                   ; work         ;
;          |TwosComplement5Bits:inst19|   ; 4 (1)               ; 0 (0)                     ; 0                 ; 0          ; 0    ; 0            ; |Central|ALU:inst|SummerSubtractor:inst5|TwosComplement5Bits:inst19                 ; TwosComplement5Bits         ; work         ;
;             |FullAdder:inst6|           ; 1 (1)               ; 0 (0)                     ; 0                 ; 0          ; 0    ; 0            ; |Central|ALU:inst|SummerSubtractor:inst5|TwosComplement5Bits:inst19|FullAdder:inst6 ; FullAdder                   ; work         ;
;             |FullAdder:inst7|           ; 1 (1)               ; 0 (0)                     ; 0                 ; 0          ; 0    ; 0            ; |Central|ALU:inst|SummerSubtractor:inst5|TwosComplement5Bits:inst19|FullAdder:inst7 ; FullAdder                   ; work         ;
;             |FullAdder:inst8|           ; 1 (1)               ; 0 (0)                     ; 0                 ; 0          ; 0    ; 0            ; |Central|ALU:inst|SummerSubtractor:inst5|TwosComplement5Bits:inst19|FullAdder:inst8 ; FullAdder                   ; work         ;
;          |TwosComplement5Bits:inst20|   ; 2 (1)               ; 0 (0)                     ; 0                 ; 0          ; 0    ; 0            ; |Central|ALU:inst|SummerSubtractor:inst5|TwosComplement5Bits:inst20                 ; TwosComplement5Bits         ; work         ;
;             |FullAdder:inst6|           ; 1 (1)               ; 0 (0)                     ; 0                 ; 0          ; 0    ; 0            ; |Central|ALU:inst|SummerSubtractor:inst5|TwosComplement5Bits:inst20|FullAdder:inst6 ; FullAdder                   ; work         ;
;          |TwosComplement6Bits:inst18|   ; 1 (1)               ; 0 (0)                     ; 0                 ; 0          ; 0    ; 0            ; |Central|ALU:inst|SummerSubtractor:inst5|TwosComplement6Bits:inst18                 ; TwosComplement6Bits         ; work         ;
;    |BinaryToDecimalBCDConversor:inst18| ; 12 (0)              ; 0 (0)                     ; 0                 ; 0          ; 0    ; 0            ; |Central|BinaryToDecimalBCDConversor:inst18                                         ; BinaryToDecimalBCDConversor ; work         ;
;       |BCDUNITY:inst1|                  ; 7 (0)               ; 0 (0)                     ; 0                 ; 0          ; 0    ; 0            ; |Central|BinaryToDecimalBCDConversor:inst18|BCDUNITY:inst1                          ; BCDUNITY                    ; work         ;
;          |BCD_a_Segment:inst|           ; 1 (1)               ; 0 (0)                     ; 0                 ; 0          ; 0    ; 0            ; |Central|BinaryToDecimalBCDConversor:inst18|BCDUNITY:inst1|BCD_a_Segment:inst       ; BCD_a_Segment               ; work         ;
;          |BCD_b_Segment:inst2|          ; 1 (1)               ; 0 (0)                     ; 0                 ; 0          ; 0    ; 0            ; |Central|BinaryToDecimalBCDConversor:inst18|BCDUNITY:inst1|BCD_b_Segment:inst2      ; BCD_b_Segment               ; work         ;
;          |BCD_c_Segment:inst5|          ; 1 (1)               ; 0 (0)                     ; 0                 ; 0          ; 0    ; 0            ; |Central|BinaryToDecimalBCDConversor:inst18|BCDUNITY:inst1|BCD_c_Segment:inst5      ; BCD_c_Segment               ; work         ;
;          |BCD_d_Segment:inst1|          ; 1 (1)               ; 0 (0)                     ; 0                 ; 0          ; 0    ; 0            ; |Central|BinaryToDecimalBCDConversor:inst18|BCDUNITY:inst1|BCD_d_Segment:inst1      ; BCD_d_Segment               ; work         ;
;          |BCD_e_Segment2:inst3|         ; 1 (1)               ; 0 (0)                     ; 0                 ; 0          ; 0    ; 0            ; |Central|BinaryToDecimalBCDConversor:inst18|BCDUNITY:inst1|BCD_e_Segment2:inst3     ; BCD_e_Segment2              ; work         ;
;          |BCD_f_Segment:inst4|          ; 1 (1)               ; 0 (0)                     ; 0                 ; 0          ; 0    ; 0            ; |Central|BinaryToDecimalBCDConversor:inst18|BCDUNITY:inst1|BCD_f_Segment:inst4      ; BCD_f_Segment               ; work         ;
;          |BCD_g_Segment:inst6|          ; 1 (1)               ; 0 (0)                     ; 0                 ; 0          ; 0    ; 0            ; |Central|BinaryToDecimalBCDConversor:inst18|BCDUNITY:inst1|BCD_g_Segment:inst6      ; BCD_g_Segment               ; work         ;
;       |Tens7Segments5BitsDecoder:inst|  ; 5 (5)               ; 0 (0)                     ; 0                 ; 0          ; 0    ; 0            ; |Central|BinaryToDecimalBCDConversor:inst18|Tens7Segments5BitsDecoder:inst          ; Tens7Segments5BitsDecoder   ; work         ;
;    |BinaryToDecimalBCDConversor:inst5|  ; 8 (0)               ; 0 (0)                     ; 0                 ; 0          ; 0    ; 0            ; |Central|BinaryToDecimalBCDConversor:inst5                                          ; BinaryToDecimalBCDConversor ; work         ;
;       |BCDUNITY:inst1|                  ; 7 (0)               ; 0 (0)                     ; 0                 ; 0          ; 0    ; 0            ; |Central|BinaryToDecimalBCDConversor:inst5|BCDUNITY:inst1                           ; BCDUNITY                    ; work         ;
;          |BCD_a_Segment:inst|           ; 1 (1)               ; 0 (0)                     ; 0                 ; 0          ; 0    ; 0            ; |Central|BinaryToDecimalBCDConversor:inst5|BCDUNITY:inst1|BCD_a_Segment:inst        ; BCD_a_Segment               ; work         ;
;          |BCD_b_Segment:inst2|          ; 1 (1)               ; 0 (0)                     ; 0                 ; 0          ; 0    ; 0            ; |Central|BinaryToDecimalBCDConversor:inst5|BCDUNITY:inst1|BCD_b_Segment:inst2       ; BCD_b_Segment               ; work         ;
;          |BCD_c_Segment:inst5|          ; 1 (1)               ; 0 (0)                     ; 0                 ; 0          ; 0    ; 0            ; |Central|BinaryToDecimalBCDConversor:inst5|BCDUNITY:inst1|BCD_c_Segment:inst5       ; BCD_c_Segment               ; work         ;
;          |BCD_d_Segment:inst1|          ; 1 (1)               ; 0 (0)                     ; 0                 ; 0          ; 0    ; 0            ; |Central|BinaryToDecimalBCDConversor:inst5|BCDUNITY:inst1|BCD_d_Segment:inst1       ; BCD_d_Segment               ; work         ;
;          |BCD_e_Segment2:inst3|         ; 1 (1)               ; 0 (0)                     ; 0                 ; 0          ; 0    ; 0            ; |Central|BinaryToDecimalBCDConversor:inst5|BCDUNITY:inst1|BCD_e_Segment2:inst3      ; BCD_e_Segment2              ; work         ;
;          |BCD_f_Segment:inst4|          ; 1 (1)               ; 0 (0)                     ; 0                 ; 0          ; 0    ; 0            ; |Central|BinaryToDecimalBCDConversor:inst5|BCDUNITY:inst1|BCD_f_Segment:inst4       ; BCD_f_Segment               ; work         ;
;          |BCD_g_Segment:inst6|          ; 1 (1)               ; 0 (0)                     ; 0                 ; 0          ; 0    ; 0            ; |Central|BinaryToDecimalBCDConversor:inst5|BCDUNITY:inst1|BCD_g_Segment:inst6       ; BCD_g_Segment               ; work         ;
;       |Tens7Segments5BitsDecoder:inst|  ; 1 (1)               ; 0 (0)                     ; 0                 ; 0          ; 0    ; 0            ; |Central|BinaryToDecimalBCDConversor:inst5|Tens7Segments5BitsDecoder:inst           ; Tens7Segments5BitsDecoder   ; work         ;
;    |BinaryToDecimalBCDConversor:inst99| ; 8 (0)               ; 0 (0)                     ; 0                 ; 0          ; 0    ; 0            ; |Central|BinaryToDecimalBCDConversor:inst99                                         ; BinaryToDecimalBCDConversor ; work         ;
;       |BCDUNITY:inst1|                  ; 7 (0)               ; 0 (0)                     ; 0                 ; 0          ; 0    ; 0            ; |Central|BinaryToDecimalBCDConversor:inst99|BCDUNITY:inst1                          ; BCDUNITY                    ; work         ;
;          |BCD_a_Segment:inst|           ; 1 (1)               ; 0 (0)                     ; 0                 ; 0          ; 0    ; 0            ; |Central|BinaryToDecimalBCDConversor:inst99|BCDUNITY:inst1|BCD_a_Segment:inst       ; BCD_a_Segment               ; work         ;
;          |BCD_b_Segment:inst2|          ; 1 (1)               ; 0 (0)                     ; 0                 ; 0          ; 0    ; 0            ; |Central|BinaryToDecimalBCDConversor:inst99|BCDUNITY:inst1|BCD_b_Segment:inst2      ; BCD_b_Segment               ; work         ;
;          |BCD_c_Segment:inst5|          ; 1 (1)               ; 0 (0)                     ; 0                 ; 0          ; 0    ; 0            ; |Central|BinaryToDecimalBCDConversor:inst99|BCDUNITY:inst1|BCD_c_Segment:inst5      ; BCD_c_Segment               ; work         ;
;          |BCD_d_Segment:inst1|          ; 1 (1)               ; 0 (0)                     ; 0                 ; 0          ; 0    ; 0            ; |Central|BinaryToDecimalBCDConversor:inst99|BCDUNITY:inst1|BCD_d_Segment:inst1      ; BCD_d_Segment               ; work         ;
;          |BCD_e_Segment2:inst3|         ; 1 (1)               ; 0 (0)                     ; 0                 ; 0          ; 0    ; 0            ; |Central|BinaryToDecimalBCDConversor:inst99|BCDUNITY:inst1|BCD_e_Segment2:inst3     ; BCD_e_Segment2              ; work         ;
;          |BCD_f_Segment:inst4|          ; 1 (1)               ; 0 (0)                     ; 0                 ; 0          ; 0    ; 0            ; |Central|BinaryToDecimalBCDConversor:inst99|BCDUNITY:inst1|BCD_f_Segment:inst4      ; BCD_f_Segment               ; work         ;
;          |BCD_g_Segment:inst6|          ; 1 (1)               ; 0 (0)                     ; 0                 ; 0          ; 0    ; 0            ; |Central|BinaryToDecimalBCDConversor:inst99|BCDUNITY:inst1|BCD_g_Segment:inst6      ; BCD_g_Segment               ; work         ;
;       |Tens7Segments5BitsDecoder:inst|  ; 1 (1)               ; 0 (0)                     ; 0                 ; 0          ; 0    ; 0            ; |Central|BinaryToDecimalBCDConversor:inst99|Tens7Segments5BitsDecoder:inst          ; Tens7Segments5BitsDecoder   ; work         ;
+-----------------------------------------+---------------------+---------------------------+-------------------+------------+------+--------------+-------------------------------------------------------------------------------------+-----------------------------+--------------+
Note: For table entries with two numbers listed, the numbers in parentheses indicate the number of resources of the given type used by the specific entity alone. The numbers listed outside of parentheses indicate the total resources of the given type used by the specific entity and all of its sub-entities in the hierarchy.


+------------------------------------------------------+
; General Register Statistics                          ;
+----------------------------------------------+-------+
; Statistic                                    ; Value ;
+----------------------------------------------+-------+
; Total registers                              ; 0     ;
; Number of registers using Synchronous Clear  ; 0     ;
; Number of registers using Synchronous Load   ; 0     ;
; Number of registers using Asynchronous Clear ; 0     ;
; Number of registers using Asynchronous Load  ; 0     ;
; Number of registers using Clock Enable       ; 0     ;
; Number of registers using Preset             ; 0     ;
+----------------------------------------------+-------+


+-----------------------------------------------------+
; Post-Synthesis Netlist Statistics for Top Partition ;
+-----------------------+-----------------------------+
; Type                  ; Count                       ;
+-----------------------+-----------------------------+
; arriav_lcell_comb     ; 70                          ;
;     normal            ; 70                          ;
;         0 data inputs ; 2                           ;
;         2 data inputs ; 2                           ;
;         3 data inputs ; 11                          ;
;         4 data inputs ; 26                          ;
;         5 data inputs ; 20                          ;
;         6 data inputs ; 9                           ;
; boundary_port         ; 75                          ;
;                       ;                             ;
; Max LUT depth         ; 5.00                        ;
; Average LUT depth     ; 3.90                        ;
+-----------------------+-----------------------------+


+-------------------------------+
; Elapsed Time Per Partition    ;
+----------------+--------------+
; Partition Name ; Elapsed Time ;
+----------------+--------------+
; Top            ; 00:00:00     ;
+----------------+--------------+


+-------------------------------+
; Analysis & Synthesis Messages ;
+-------------------------------+
Info: *******************************************************************
Info: Running Quartus Prime Analysis & Synthesis
    Info: Version 21.1.0 Build 842 10/21/2021 SJ Lite Edition
    Info: Processing started: Fri Oct 31 22:27:50 2025
Info: Command: quartus_map --read_settings_files=on --write_settings_files=off Ula_pjct -c Ula_pjct
Warning (18236): Number of processors has not been specified which may cause overloading on shared machines.  Set the global assignment NUM_PARALLEL_PROCESSORS in your QSF to an appropriate value for best performance.
Info (20030): Parallel compilation is enabled and will use 16 of the 16 processors detected
Warning (12019): Can't analyze file -- file BCD_e_Segment.bdf is missing
Info (12021): Found 1 design units, including 1 entities, in source file bcd_a_segment.bdf
    Info (12023): Found entity 1: BCD_a_Segment
Info (12021): Found 1 design units, including 1 entities, in source file bcdunity.bdf
    Info (12023): Found entity 1: BCDUNITY
Info (12021): Found 1 design units, including 1 entities, in source file bit4tobcd.bdf
    Info (12023): Found entity 1: bit4ToBCD
Info (12021): Found 1 design units, including 1 entities, in source file selector.bdf
    Info (12023): Found entity 1: Selector
Info (12021): Found 1 design units, including 1 entities, in source file summersubtractor.bdf
    Info (12023): Found entity 1: SummerSubtractor
Info (12021): Found 1 design units, including 1 entities, in source file twoscomplement6bits.bdf
    Info (12023): Found entity 1: TwosComplement6Bits
Info (12021): Found 1 design units, including 1 entities, in source file twoscomplement5bits.bdf
    Info (12023): Found entity 1: TwosComplement5Bits
Info (12021): Found 1 design units, including 1 entities, in source file magnitudecomparator4bits.bdf
    Info (12023): Found entity 1: MagnitudeComparator4bits
Info (12021): Found 1 design units, including 1 entities, in source file fulladder.bdf
    Info (12023): Found entity 1: FullAdder
Info (12021): Found 1 design units, including 1 entities, in source file btwoscomplement.bdf
    Info (12023): Found entity 1: BTwosComplement
Info (12021): Found 1 design units, including 1 entities, in source file tens7segments5bitsdecoder.bdf
    Info (12023): Found entity 1: Tens7Segments5BitsDecoder
Info (12021): Found 1 design units, including 1 entities, in source file bcd_b_segment.bdf
    Info (12023): Found entity 1: BCD_b_Segment
Info (12021): Found 1 design units, including 1 entities, in source file bcd_c_segment.bdf
    Info (12023): Found entity 1: BCD_c_Segment
Info (12021): Found 1 design units, including 1 entities, in source file bcd_d_segment.bdf
    Info (12023): Found entity 1: BCD_d_Segment
Info (12021): Found 1 design units, including 1 entities, in source file bcd_e_segment2.bdf
    Info (12023): Found entity 1: BCD_e_Segment2
Info (12021): Found 1 design units, including 1 entities, in source file bcd_f_segment.bdf
    Info (12023): Found entity 1: BCD_f_Segment
Info (12021): Found 1 design units, including 1 entities, in source file bcd_g_segment.bdf
    Info (12023): Found entity 1: BCD_g_Segment
Info (12021): Found 1 design units, including 1 entities, in source file binarytodecimalbcdconversor.bdf
    Info (12023): Found entity 1: BinaryToDecimalBCDConversor
Info (12021): Found 1 design units, including 1 entities, in source file alu.bdf
    Info (12023): Found entity 1: ALU
Info (12021): Found 1 design units, including 1 entities, in source file central.bdf
    Info (12023): Found entity 1: Central
Info (12021): Found 1 design units, including 1 entities, in source file bittobitand.bdf
    Info (12023): Found entity 1: BitToBitAND
Info (12021): Found 1 design units, including 1 entities, in source file bittobitxor.bdf
    Info (12023): Found entity 1: BitToBitXOR
Info (12127): Elaborating entity "Central" for the top level hierarchy
Warning (275011): Block or symbol "GND" of instance "inst4" overlaps another block or symbol
Info (12128): Elaborating entity "ALU" for hierarchy "ALU:inst"
Info (12128): Elaborating entity "MagnitudeComparator4bits" for hierarchy "ALU:inst|MagnitudeComparator4bits:inst4"
Info (12128): Elaborating entity "Selector" for hierarchy "ALU:inst|Selector:inst"
Info (12128): Elaborating entity "BitToBitAND" for hierarchy "ALU:inst|BitToBitAND:inst14"
Info (12128): Elaborating entity "BTwosComplement" for hierarchy "ALU:inst|BTwosComplement:inst2"
Info (12128): Elaborating entity "FullAdder" for hierarchy "ALU:inst|BTwosComplement:inst2|FullAdder:inst5"
Info (12128): Elaborating entity "SummerSubtractor" for hierarchy "ALU:inst|SummerSubtractor:inst5"
Warning (275011): Block or symbol "TwosComplement6Bits" of instance "inst18" overlaps another block or symbol
Info (12128): Elaborating entity "TwosComplement6Bits" for hierarchy "ALU:inst|SummerSubtractor:inst5|TwosComplement6Bits:inst18"
Info (12128): Elaborating entity "TwosComplement5Bits" for hierarchy "ALU:inst|SummerSubtractor:inst5|TwosComplement5Bits:inst20"
Info (12128): Elaborating entity "BitToBitXOR" for hierarchy "ALU:inst|BitToBitXOR:inst13"
Info (12128): Elaborating entity "BinaryToDecimalBCDConversor" for hierarchy "BinaryToDecimalBCDConversor:inst99"
Info (12128): Elaborating entity "Tens7Segments5BitsDecoder" for hierarchy "BinaryToDecimalBCDConversor:inst99|Tens7Segments5BitsDecoder:inst"
Warning (275011): Block or symbol "AND3" of instance "inst7" overlaps another block or symbol
Warning (275011): Block or symbol "AND3" of instance "inst11" overlaps another block or symbol
Warning (275011): Block or symbol "AND3" of instance "inst13" overlaps another block or symbol
Warning (275011): Block or symbol "AND3" of instance "inst19" overlaps another block or symbol
Warning (275011): Block or symbol "AND3" of instance "inst21" overlaps another block or symbol
Warning (275008): Primitive "NOT" of instance "inst5" not used
Info (12128): Elaborating entity "BCDUNITY" for hierarchy "BinaryToDecimalBCDConversor:inst99|BCDUNITY:inst1"
Info (12128): Elaborating entity "BCD_a_Segment" for hierarchy "BinaryToDecimalBCDConversor:inst99|BCDUNITY:inst1|BCD_a_Segment:inst"
Info (12128): Elaborating entity "BCD_b_Segment" for hierarchy "BinaryToDecimalBCDConversor:inst99|BCDUNITY:inst1|BCD_b_Segment:inst2"
Info (12128): Elaborating entity "BCD_c_Segment" for hierarchy "BinaryToDecimalBCDConversor:inst99|BCDUNITY:inst1|BCD_c_Segment:inst5"
Info (12128): Elaborating entity "BCD_d_Segment" for hierarchy "BinaryToDecimalBCDConversor:inst99|BCDUNITY:inst1|BCD_d_Segment:inst1"
Info (12128): Elaborating entity "BCD_e_Segment2" for hierarchy "BinaryToDecimalBCDConversor:inst99|BCDUNITY:inst1|BCD_e_Segment2:inst3"
Warning (275008): Primitive "NOT" of instance "inst4" not used
Info (12128): Elaborating entity "BCD_f_Segment" for hierarchy "BinaryToDecimalBCDConversor:inst99|BCDUNITY:inst1|BCD_f_Segment:inst4"
Warning (275008): Primitive "NOT" of instance "inst4" not used
Info (12128): Elaborating entity "BCD_g_Segment" for hierarchy "BinaryToDecimalBCDConversor:inst99|BCDUNITY:inst1|BCD_g_Segment:inst6"
Warning (275008): Primitive "NOT" of instance "inst54" not used
Warning (13024): Output pins are stuck at VCC or GND
    Warning (13410): Pin "AD[6]" is stuck at VCC
    Warning (13410): Pin "AD[3]" is stuck at GND
    Warning (13410): Pin "AD[2]" is stuck at GND
    Warning (13410): Pin "BD[6]" is stuck at VCC
    Warning (13410): Pin "BD[3]" is stuck at GND
    Warning (13410): Pin "BD[2]" is stuck at GND
    Warning (13410): Pin "FD[2]" is stuck at GND
Info (286030): Timing-Driven Synthesis is running
Info (16010): Generating hard_block partition "hard_block:auto_generated_inst"
    Info (16011): Adding 0 node(s), including 0 DDIO, 0 PLL, 0 transceiver and 0 LCELL
Info (21057): Implemented 143 device resources after synthesis - the final resource count might be different
    Info (21058): Implemented 13 input pins
    Info (21059): Implemented 62 output pins
    Info (21061): Implemented 68 logic cells
Info: Quartus Prime Analysis & Synthesis was successful. 0 errors, 21 warnings
    Info: Peak virtual memory: 4867 megabytes
    Info: Processing ended: Fri Oct 31 22:27:55 2025
    Info: Elapsed time: 00:00:05
    Info: Total CPU time (on all processors): 00:00:12


